2023-03-22 21:15:33.980 [info] 로그 수준: Info
2023-03-22 21:15:33.980 [info] "git"에서 찾은 git 유효성을 검사하는 중
2023-03-22 21:15:33.980 [info] "2.34.1"에서 git "git"을(를) 사용하는 중
2023-03-22 21:15:33.980 [info] > git rev-parse --show-toplevel [7ms]
2023-03-22 21:15:33.980 [info] fatal: not a git repository (or any of the parent directories): .git
2023-03-22 21:15:33.980 [info] > git rev-parse --show-toplevel [2ms]
2023-03-22 21:15:33.980 [info] fatal: not a git repository (or any of the parent directories): .git
2023-03-22 21:15:33.980 [info] > git rev-parse --show-toplevel [4ms]
2023-03-22 21:15:33.980 [info] fatal: not a git repository (or any of the parent directories): .git
2023-03-22 21:15:33.980 [info] > git rev-parse --show-toplevel [2ms]
2023-03-22 21:15:33.980 [info] fatal: not a git repository (or any of the parent directories): .git
2023-03-22 21:15:33.980 [info] > git rev-parse --show-toplevel [2ms]
2023-03-22 21:15:33.980 [info] fatal: not a git repository (or any of the parent directories): .git
2023-03-22 21:15:33.980 [info] > git rev-parse --show-toplevel [0ms]
2023-03-22 21:15:33.980 [info] fatal: not a git repository (or any of the parent directories): .git
2023-03-22 21:15:33.980 [info] > git rev-parse --show-toplevel [1ms]
2023-03-22 21:15:33.980 [info] fatal: not a git repository (or any of the parent directories): .git
2023-03-22 21:15:33.980 [info] > git rev-parse --show-toplevel [0ms]
2023-03-22 21:15:33.980 [info] fatal: not a git repository (or any of the parent directories): .git
2023-03-22 21:15:33.980 [info] > git rev-parse --show-toplevel [1ms]
2023-03-22 21:15:33.980 [info] fatal: not a git repository (or any of the parent directories): .git
2023-03-22 21:15:33.980 [info] > git rev-parse --show-toplevel [1ms]
2023-03-22 21:15:33.980 [info] fatal: not a git repository (or any of the parent directories): .git
2023-03-22 21:15:34.357 [info] > git rev-parse --show-toplevel [1ms]
2023-03-22 21:15:34.357 [info] fatal: not a git repository (or any of the parent directories): .git
2023-03-22 21:16:54.846 [info] > git rev-parse --show-toplevel [2ms]
2023-03-22 21:16:54.846 [info] fatal: not a git repository (or any of the parent directories): .git
2023-03-22 21:16:56.414 [info] > git rev-parse --show-toplevel [2ms]
2023-03-22 21:16:56.414 [info] fatal: not a git repository (or any of the parent directories): .git
2023-03-22 21:20:20.559 [info] > git rev-parse --show-toplevel [15ms]
2023-03-22 21:20:20.559 [info] fatal: not a git repository (or any of the parent directories): .git
2023-03-22 21:20:26.176 [info] > git rev-parse --show-toplevel [2ms]
2023-03-22 21:20:26.176 [info] fatal: not a git repository (or any of the parent directories): .git
