2023-03-10 13:07:09.012 [info] 로그 수준: Info
2023-03-10 13:07:09.012 [info] "git"에서 찾은 git 유효성을 검사하는 중
2023-03-10 13:07:09.012 [info] "2.34.1"에서 git "git"을(를) 사용하는 중
2023-03-10 13:07:09.012 [info] > git rev-parse --show-toplevel [3ms]
2023-03-10 13:07:09.012 [info] fatal: not a git repository (or any of the parent directories): .git
2023-03-10 13:07:09.372 [info] > git rev-parse --show-toplevel [1ms]
2023-03-10 13:07:09.372 [info] fatal: not a git repository (or any of the parent directories): .git
2023-03-10 13:07:21.437 [info] > git rev-parse --show-toplevel [1ms]
2023-03-10 13:07:21.437 [info] fatal: not a git repository (or any of the parent directories): .git
2023-03-10 13:07:42.272 [info] > git rev-parse --show-toplevel [1ms]
2023-03-10 13:07:42.272 [info] fatal: not a git repository (or any of the parent directories): .git
2023-03-10 13:07:42.765 [info] > git rev-parse --show-toplevel [3ms]
2023-03-10 13:07:42.765 [info] fatal: not a git repository (or any of the parent directories): .git
2023-03-10 13:07:42.805 [info] > git rev-parse --show-toplevel [1ms]
2023-03-10 13:07:42.805 [info] fatal: not a git repository (or any of the parent directories): .git
2023-03-10 13:07:54.201 [info] > git rev-parse --show-toplevel [2ms]
2023-03-10 13:07:54.202 [info] fatal: not a git repository (or any of the parent directories): .git
2023-03-10 13:27:18.119 [info] > git rev-parse --show-toplevel [1ms]
2023-03-10 13:27:18.119 [info] fatal: not a git repository (or any of the parent directories): .git
2023-03-10 13:27:30.683 [info] > git rev-parse --show-toplevel [2ms]
2023-03-10 13:27:30.683 [info] fatal: not a git repository (or any of the parent directories): .git
2023-03-10 13:27:58.085 [info] > git rev-parse --show-toplevel [1ms]
2023-03-10 13:27:58.085 [info] fatal: not a git repository (or any of the parent directories): .git
2023-03-10 13:28:00.807 [info] > git rev-parse --show-toplevel [1ms]
2023-03-10 13:28:00.807 [info] fatal: not a git repository (or any of the parent directories): .git
2023-03-10 13:30:38.425 [info] > git rev-parse --show-toplevel [1ms]
2023-03-10 13:30:38.425 [info] fatal: not a git repository (or any of the parent directories): .git
2023-03-10 13:30:41.266 [info] > git rev-parse --show-toplevel [1ms]
2023-03-10 13:30:41.266 [info] fatal: not a git repository (or any of the parent directories): .git
2023-03-10 13:30:43.538 [info] > git rev-parse --show-toplevel [1ms]
2023-03-10 13:30:43.538 [info] fatal: not a git repository (or any of the parent directories): .git
2023-03-10 13:30:51.579 [info] > git rev-parse --show-toplevel [1ms]
2023-03-10 13:30:51.579 [info] fatal: not a git repository (or any of the parent directories): .git
2023-03-10 13:30:55.605 [info] > git rev-parse --show-toplevel [1ms]
2023-03-10 13:30:55.606 [info] fatal: not a git repository (or any of the parent directories): .git
2023-03-10 13:30:58.469 [info] > git rev-parse --show-toplevel [1ms]
2023-03-10 13:30:58.469 [info] fatal: not a git repository (or any of the parent directories): .git
2023-03-10 13:30:59.433 [info] > git rev-parse --show-toplevel [2ms]
2023-03-10 13:30:59.433 [info] fatal: not a git repository (or any of the parent directories): .git
2023-03-10 13:31:22.655 [info] > git rev-parse --show-toplevel [1ms]
2023-03-10 13:31:22.655 [info] fatal: not a git repository (or any of the parent directories): .git
2023-03-10 13:32:26.582 [info] > git rev-parse --show-toplevel [1ms]
2023-03-10 13:32:26.582 [info] fatal: not a git repository (or any of the parent directories): .git
2023-03-10 14:00:33.710 [info] > git rev-parse --show-toplevel [1ms]
2023-03-10 14:00:33.710 [info] fatal: not a git repository (or any of the parent directories): .git
