2023-03-31 12:13:04.541 [info] Extension host with pid 153 started
2023-03-31 12:13:04.549 [info] Lock '/home/hong/.vscode-server/data/User/workspaceStorage/25eee817306738c57cb020b3bb5f4f8d/vscode.lock': Lock acquired.
2023-03-31 12:13:04.571 [info] ExtensionService#_doActivateExtension vscode.emmet, startup: false, activationEvent: 'onLanguage'
2023-03-31 12:13:04.572 [info] ExtensionService#_doActivateExtension ocamllabs.ocaml-platform, startup: false, activationEvent: 'onLanguage:ocaml'
2023-03-31 12:13:04.573 [info] ExtensionService#_doActivateExtension vscode.git-base, startup: true, activationEvent: '*', root cause: vscode.git
2023-03-31 12:13:04.824 [info] ExtensionService#_doActivateExtension vscode.git, startup: true, activationEvent: '*'
2023-03-31 12:13:04.824 [info] ExtensionService#_doActivateExtension vscode.github, startup: true, activationEvent: '*'
2023-03-31 12:13:04.963 [info] Eager extensions activated
2023-03-31 12:13:04.964 [info] ExtensionService#_doActivateExtension vscode.debug-auto-launch, startup: false, activationEvent: 'onStartupFinished'
2023-03-31 12:13:04.964 [info] ExtensionService#_doActivateExtension vscode.merge-conflict, startup: false, activationEvent: 'onStartupFinished'
2023-03-31 12:30:00.232 [info] ExtensionService#_doActivateExtension vscode.npm, startup: false, activationEvent: 'onTerminalQuickFixRequest:ms-vscode.npm-command'
2023-03-31 13:11:34.279 [error] [ocamllabs.ocaml-platform] provider FAILED
2023-03-31 13:11:34.302 [error] Error: uncaught exception
	at handleResponse (/home/hong/.vscode-server/extensions/ocamllabs.ocaml-platform-1.12.2/dist/vscode_ocaml_platform.bc.js:4:422)
	at processMessageQueue (/home/hong/.vscode-server/extensions/ocamllabs.ocaml-platform-1.12.2/dist/vscode_ocaml_platform.bc.js:3:11811)
	at Immediate.<anonymous> (/home/hong/.vscode-server/extensions/ocamllabs.ocaml-platform-1.12.2/dist/vscode_ocaml_platform.bc.js:3:11509)
	at processImmediate (node:internal/timers:466:21)
2023-03-31 23:18:44.686 [info] ExtensionService#_doActivateExtension vscode.extension-editing, startup: false, activationEvent: 'onLanguage:markdown'
2023-03-31 23:18:44.692 [info] ExtensionService#_doActivateExtension vscode.markdown-language-features, startup: false, activationEvent: 'onLanguage:markdown'
2023-03-31 23:18:45.061 [info] ExtensionService#_doActivateExtension vscode.markdown-math, startup: false, activationEvent: 'api', root cause: vscode.markdown-language-features
2023-04-01 17:29:02.264 [error] [ocamllabs.ocaml-platform] provider FAILED
2023-04-01 17:29:02.265 [error] Error: uncaught exception
	at handleResponse (/home/hong/.vscode-server/extensions/ocamllabs.ocaml-platform-1.12.2/dist/vscode_ocaml_platform.bc.js:4:422)
	at processMessageQueue (/home/hong/.vscode-server/extensions/ocamllabs.ocaml-platform-1.12.2/dist/vscode_ocaml_platform.bc.js:3:11811)
	at Immediate.<anonymous> (/home/hong/.vscode-server/extensions/ocamllabs.ocaml-platform-1.12.2/dist/vscode_ocaml_platform.bc.js:3:11509)
	at processImmediate (node:internal/timers:466:21)
2023-04-01 17:40:59.351 [error] [ocamllabs.ocaml-platform] provider FAILED
2023-04-01 17:40:59.352 [error] Error: uncaught exception
	at handleResponse (/home/hong/.vscode-server/extensions/ocamllabs.ocaml-platform-1.12.2/dist/vscode_ocaml_platform.bc.js:4:422)
	at processMessageQueue (/home/hong/.vscode-server/extensions/ocamllabs.ocaml-platform-1.12.2/dist/vscode_ocaml_platform.bc.js:3:11811)
	at Immediate.<anonymous> (/home/hong/.vscode-server/extensions/ocamllabs.ocaml-platform-1.12.2/dist/vscode_ocaml_platform.bc.js:3:11509)
	at processImmediate (node:internal/timers:466:21)
2023-04-01 22:04:23.479 [error] [ocamllabs.ocaml-platform] provider FAILED
2023-04-01 22:04:23.479 [error] Error: uncaught exception
	at handleResponse (/home/hong/.vscode-server/extensions/ocamllabs.ocaml-platform-1.12.2/dist/vscode_ocaml_platform.bc.js:4:422)
	at processMessageQueue (/home/hong/.vscode-server/extensions/ocamllabs.ocaml-platform-1.12.2/dist/vscode_ocaml_platform.bc.js:3:11811)
	at Immediate.<anonymous> (/home/hong/.vscode-server/extensions/ocamllabs.ocaml-platform-1.12.2/dist/vscode_ocaml_platform.bc.js:3:11509)
	at processImmediate (node:internal/timers:466:21)
2023-04-01 22:46:31.286 [error] [ocamllabs.ocaml-platform] provider FAILED
2023-04-01 22:46:31.286 [error] Error: uncaught exception
	at handleResponse (/home/hong/.vscode-server/extensions/ocamllabs.ocaml-platform-1.12.2/dist/vscode_ocaml_platform.bc.js:4:422)
	at processMessageQueue (/home/hong/.vscode-server/extensions/ocamllabs.ocaml-platform-1.12.2/dist/vscode_ocaml_platform.bc.js:3:11811)
	at Immediate.<anonymous> (/home/hong/.vscode-server/extensions/ocamllabs.ocaml-platform-1.12.2/dist/vscode_ocaml_platform.bc.js:3:11509)
	at processImmediate (node:internal/timers:466:21)
2023-04-01 23:27:03.894 [error] [ocamllabs.ocaml-platform] provider FAILED
2023-04-01 23:27:03.895 [error] Error: uncaught exception
	at handleResponse (/home/hong/.vscode-server/extensions/ocamllabs.ocaml-platform-1.12.2/dist/vscode_ocaml_platform.bc.js:4:422)
	at processMessageQueue (/home/hong/.vscode-server/extensions/ocamllabs.ocaml-platform-1.12.2/dist/vscode_ocaml_platform.bc.js:3:11811)
	at Immediate.<anonymous> (/home/hong/.vscode-server/extensions/ocamllabs.ocaml-platform-1.12.2/dist/vscode_ocaml_platform.bc.js:3:11509)
	at processImmediate (node:internal/timers:466:21)
2023-04-02 01:04:07.156 [error] [ocamllabs.ocaml-platform] provider FAILED
2023-04-02 01:04:07.156 [error] Error: uncaught exception
	at handleResponse (/home/hong/.vscode-server/extensions/ocamllabs.ocaml-platform-1.12.2/dist/vscode_ocaml_platform.bc.js:4:422)
	at processMessageQueue (/home/hong/.vscode-server/extensions/ocamllabs.ocaml-platform-1.12.2/dist/vscode_ocaml_platform.bc.js:3:11811)
	at Immediate.<anonymous> (/home/hong/.vscode-server/extensions/ocamllabs.ocaml-platform-1.12.2/dist/vscode_ocaml_platform.bc.js:3:11509)
	at processImmediate (node:internal/timers:466:21)
2023-04-02 01:19:42.770 [error] [ocamllabs.ocaml-platform] provider FAILED
2023-04-02 01:19:42.771 [error] Error: uncaught exception
	at handleResponse (/home/hong/.vscode-server/extensions/ocamllabs.ocaml-platform-1.12.2/dist/vscode_ocaml_platform.bc.js:4:422)
	at processMessageQueue (/home/hong/.vscode-server/extensions/ocamllabs.ocaml-platform-1.12.2/dist/vscode_ocaml_platform.bc.js:3:11811)
	at Immediate.<anonymous> (/home/hong/.vscode-server/extensions/ocamllabs.ocaml-platform-1.12.2/dist/vscode_ocaml_platform.bc.js:3:11509)
	at processImmediate (node:internal/timers:466:21)
2023-04-02 02:13:27.773 [warning] Using default string since no string found in i18n bundle that has the key: Don't Show Again
2023-04-02 02:13:32.717 [warning] [Decorations] CAPPING events from decorations provider vscode.git 10000
2023-04-02 02:26:55.683 [info] ExtensionService#_doActivateExtension vscode.debug-server-ready, startup: false, activationEvent: 'onDebugResolve'
2023-04-02 02:29:52.563 [error] {"message":"Git error","stdout":"","stderr":"fatal: Pathspec '/home/hong/Ocaml/README.md' is in submodule 'Ocaml'\n","exitCode":128,"gitErrorCode":"IsInSubmodule"}
2023-04-02 02:29:52.563 [error] {"message":"Git error","stdout":"","stderr":"fatal: Pathspec '/home/hong/Ocaml/README.md' is in submodule 'Ocaml'\n","exitCode":128,"gitErrorCode":"IsInSubmodule"}
2023-04-02 02:29:52.563 [error] {"message":"Git error","stdout":"","stderr":"fatal: Pathspec '/home/hong/Ocaml/README.md' is in submodule 'Ocaml'\n","exitCode":128,"gitErrorCode":"IsInSubmodule"}
2023-04-02 02:29:52.563 [error] {"message":"Git error","stdout":"","stderr":"fatal: Pathspec '/home/hong/Ocaml/README.md' is in submodule 'Ocaml'\n","exitCode":128,"gitErrorCode":"IsInSubmodule"}
2023-04-02 02:29:52.563 [error] {"message":"Git error","stdout":"","stderr":"fatal: Pathspec '/home/hong/Ocaml/README.md' is in submodule 'Ocaml'\n","exitCode":128,"gitErrorCode":"IsInSubmodule"}
2023-04-02 02:29:52.563 [error] {"message":"Git error","stdout":"","stderr":"fatal: Pathspec '/home/hong/Ocaml/README.md' is in submodule 'Ocaml'\n","exitCode":128,"gitErrorCode":"IsInSubmodule"}
2023-04-02 02:29:52.563 [error] {"message":"Git error","stdout":"","stderr":"fatal: Pathspec '/home/hong/Ocaml/README.md' is in submodule 'Ocaml'\n","exitCode":128,"gitErrorCode":"IsInSubmodule"}
2023-04-02 02:29:52.563 [error] {"message":"Git error","stdout":"","stderr":"fatal: Pathspec '/home/hong/Ocaml/README.md' is in submodule 'Ocaml'\n","exitCode":128,"gitErrorCode":"IsInSubmodule"}
2023-04-02 02:29:52.563 [error] {"message":"Git error","stdout":"","stderr":"fatal: Pathspec '/home/hong/Ocaml/README.md' is in submodule 'Ocaml'\n","exitCode":128,"gitErrorCode":"IsInSubmodule"}
2023-04-02 02:29:52.563 [error] {"message":"Git error","stdout":"","stderr":"fatal: Pathspec '/home/hong/Ocaml/README.md' is in submodule 'Ocaml'\n","exitCode":128,"gitErrorCode":"IsInSubmodule"}
2023-04-02 02:29:52.563 [error] {"message":"Git error","stdout":"","stderr":"fatal: Pathspec '/home/hong/Ocaml/README.md' is in submodule 'Ocaml'\n","exitCode":128,"gitErrorCode":"IsInSubmodule"}
2023-04-02 02:29:52.563 [error] {"message":"Git error","stdout":"","stderr":"fatal: Pathspec '/home/hong/Ocaml/README.md' is in submodule 'Ocaml'\n","exitCode":128,"gitErrorCode":"IsInSubmodule"}
2023-04-02 02:29:52.563 [error] {"message":"Git error","stdout":"","stderr":"fatal: Pathspec '/home/hong/Ocaml/README.md' is in submodule 'Ocaml'\n","exitCode":128,"gitErrorCode":"IsInSubmodule"}
2023-04-02 02:29:52.563 [error] {"message":"Git error","stdout":"","stderr":"fatal: Pathspec '/home/hong/Ocaml/README.md' is in submodule 'Ocaml'\n","exitCode":128,"gitErrorCode":"IsInSubmodule"}
2023-04-02 02:29:52.563 [error] {"message":"Git error","stdout":"","stderr":"fatal: Pathspec '/home/hong/Ocaml/README.md' is in submodule 'Ocaml'\n","exitCode":128,"gitErrorCode":"IsInSubmodule"}
2023-04-02 02:29:52.563 [error] {"message":"Git error","stdout":"","stderr":"fatal: Pathspec '/home/hong/Ocaml/README.md' is in submodule 'Ocaml'\n","exitCode":128,"gitErrorCode":"IsInSubmodule"}
2023-04-02 02:29:52.563 [error] {"message":"Git error","stdout":"","stderr":"fatal: Pathspec '/home/hong/Ocaml/README.md' is in submodule 'Ocaml'\n","exitCode":128,"gitErrorCode":"IsInSubmodule"}
2023-04-02 02:29:52.563 [error] {"message":"Git error","stdout":"","stderr":"fatal: Pathspec '/home/hong/Ocaml/README.md' is in submodule 'Ocaml'\n","exitCode":128,"gitErrorCode":"IsInSubmodule"}
2023-04-02 02:29:52.563 [error] {"message":"Git error","stdout":"","stderr":"fatal: Pathspec '/home/hong/Ocaml/README.md' is in submodule 'Ocaml'\n","exitCode":128,"gitErrorCode":"IsInSubmodule"}
2023-04-02 02:29:52.564 [error] {"message":"Git error","stdout":"","stderr":"fatal: Pathspec '/home/hong/Ocaml/README.md' is in submodule 'Ocaml'\n","exitCode":128,"gitErrorCode":"IsInSubmodule"}
2023-04-02 02:29:52.564 [error] {"message":"Git error","stdout":"","stderr":"fatal: Pathspec '/home/hong/Ocaml/README.md' is in submodule 'Ocaml'\n","exitCode":128,"gitErrorCode":"IsInSubmodule"}
2023-04-02 02:29:52.564 [error] {"message":"Git error","stdout":"","stderr":"fatal: Pathspec '/home/hong/Ocaml/README.md' is in submodule 'Ocaml'\n","exitCode":128,"gitErrorCode":"IsInSubmodule"}
2023-04-02 02:29:52.564 [error] {"message":"Git error","stdout":"","stderr":"fatal: Pathspec '/home/hong/Ocaml/README.md' is in submodule 'Ocaml'\n","exitCode":128,"gitErrorCode":"IsInSubmodule"}
2023-04-02 02:29:52.564 [error] {"message":"Git error","stdout":"","stderr":"fatal: Pathspec '/home/hong/Ocaml/README.md' is in submodule 'Ocaml'\n","exitCode":128,"gitErrorCode":"IsInSubmodule"}
2023-04-02 02:29:52.564 [error] {"message":"Git error","stdout":"","stderr":"fatal: Pathspec '/home/hong/Ocaml/README.md' is in submodule 'Ocaml'\n","exitCode":128,"gitErrorCode":"IsInSubmodule"}
2023-04-02 02:29:52.564 [error] {"message":"Git error","stdout":"","stderr":"fatal: Pathspec '/home/hong/Ocaml/README.md' is in submodule 'Ocaml'\n","exitCode":128,"gitErrorCode":"IsInSubmodule"}
2023-04-02 02:29:52.564 [error] {"message":"Git error","stdout":"","stderr":"fatal: Pathspec '/home/hong/Ocaml/README.md' is in submodule 'Ocaml'\n","exitCode":128,"gitErrorCode":"IsInSubmodule"}
2023-04-02 02:29:52.564 [error] {"message":"Git error","stdout":"","stderr":"fatal: Pathspec '/home/hong/Ocaml/README.md' is in submodule 'Ocaml'\n","exitCode":128,"gitErrorCode":"IsInSubmodule"}
2023-04-02 02:29:52.564 [error] {"message":"Git error","stdout":"","stderr":"fatal: Pathspec '/home/hong/Ocaml/README.md' is in submodule 'Ocaml'\n","exitCode":128,"gitErrorCode":"IsInSubmodule"}
2023-04-02 02:29:52.564 [error] {"message":"Git error","stdout":"","stderr":"fatal: Pathspec '/home/hong/Ocaml/README.md' is in submodule 'Ocaml'\n","exitCode":128,"gitErrorCode":"IsInSubmodule"}
2023-04-02 02:29:52.564 [error] {"message":"Git error","stdout":"","stderr":"fatal: Pathspec '/home/hong/Ocaml/README.md' is in submodule 'Ocaml'\n","exitCode":128,"gitErrorCode":"IsInSubmodule"}
2023-04-02 02:29:52.564 [error] {"message":"Git error","stdout":"","stderr":"fatal: Pathspec '/home/hong/Ocaml/README.md' is in submodule 'Ocaml'\n","exitCode":128,"gitErrorCode":"IsInSubmodule"}
2023-04-02 02:29:52.564 [error] {"message":"Git error","stdout":"","stderr":"fatal: Pathspec '/home/hong/Ocaml/README.md' is in submodule 'Ocaml'\n","exitCode":128,"gitErrorCode":"IsInSubmodule"}
2023-04-02 02:29:52.564 [error] {"message":"Git error","stdout":"","stderr":"fatal: Pathspec '/home/hong/Ocaml/README.md' is in submodule 'Ocaml'\n","exitCode":128,"gitErrorCode":"IsInSubmodule"}
2023-04-02 02:29:52.564 [error] {"message":"Git error","stdout":"","stderr":"fatal: Pathspec '/home/hong/Ocaml/README.md' is in submodule 'Ocaml'\n","exitCode":128,"gitErrorCode":"IsInSubmodule"}
2023-04-02 02:29:52.564 [error] {"message":"Git error","stdout":"","stderr":"fatal: Pathspec '/home/hong/Ocaml/README.md' is in submodule 'Ocaml'\n","exitCode":128,"gitErrorCode":"IsInSubmodule"}
2023-04-02 02:29:52.564 [error] {"message":"Git error","stdout":"","stderr":"fatal: Pathspec '/home/hong/Ocaml/README.md' is in submodule 'Ocaml'\n","exitCode":128,"gitErrorCode":"IsInSubmodule"}
2023-04-02 02:29:52.564 [error] {"message":"Git error","stdout":"","stderr":"fatal: Pathspec '/home/hong/Ocaml/README.md' is in submodule 'Ocaml'\n","exitCode":128,"gitErrorCode":"IsInSubmodule"}
2023-04-02 02:29:52.564 [error] {"message":"Git error","stdout":"","stderr":"fatal: Pathspec '/home/hong/Ocaml/README.md' is in submodule 'Ocaml'\n","exitCode":128,"gitErrorCode":"IsInSubmodule"}
2023-04-02 02:29:53.578 [error] {"message":"Git error","stdout":"","stderr":"fatal: Pathspec '/home/hong/Ocaml/README.md' is in submodule 'Ocaml'\n","exitCode":128,"gitErrorCode":"IsInSubmodule"}
2023-04-02 02:29:53.578 [error] {"message":"Git error","stdout":"","stderr":"fatal: Pathspec '/home/hong/Ocaml/README.md' is in submodule 'Ocaml'\n","exitCode":128,"gitErrorCode":"IsInSubmodule"}
2023-04-02 02:29:53.578 [error] {"message":"Git error","stdout":"","stderr":"fatal: Pathspec '/home/hong/Ocaml/README.md' is in submodule 'Ocaml'\n","exitCode":128,"gitErrorCode":"IsInSubmodule"}
2023-04-02 02:29:53.578 [error] {"message":"Git error","stdout":"","stderr":"fatal: Pathspec '/home/hong/Ocaml/README.md' is in submodule 'Ocaml'\n","exitCode":128,"gitErrorCode":"IsInSubmodule"}
2023-04-02 02:29:53.579 [error] {"message":"Git error","stdout":"","stderr":"fatal: Pathspec '/home/hong/Ocaml/README.md' is in submodule 'Ocaml'\n","exitCode":128,"gitErrorCode":"IsInSubmodule"}
2023-04-02 02:29:53.579 [error] {"message":"Git error","stdout":"","stderr":"fatal: Pathspec '/home/hong/Ocaml/README.md' is in submodule 'Ocaml'\n","exitCode":128,"gitErrorCode":"IsInSubmodule"}
2023-04-02 02:29:53.579 [error] {"message":"Git error","stdout":"","stderr":"fatal: Pathspec '/home/hong/Ocaml/README.md' is in submodule 'Ocaml'\n","exitCode":128,"gitErrorCode":"IsInSubmodule"}
2023-04-02 02:29:53.579 [error] {"message":"Git error","stdout":"","stderr":"fatal: Pathspec '/home/hong/Ocaml/README.md' is in submodule 'Ocaml'\n","exitCode":128,"gitErrorCode":"IsInSubmodule"}
2023-04-02 02:29:53.579 [error] {"message":"Git error","stdout":"","stderr":"fatal: Pathspec '/home/hong/Ocaml/README.md' is in submodule 'Ocaml'\n","exitCode":128,"gitErrorCode":"IsInSubmodule"}
2023-04-02 02:29:53.580 [error] {"message":"Git error","stdout":"","stderr":"fatal: Pathspec '/home/hong/Ocaml/README.md' is in submodule 'Ocaml'\n","exitCode":128,"gitErrorCode":"IsInSubmodule"}
2023-04-02 02:29:53.580 [error] {"message":"Git error","stdout":"","stderr":"fatal: Pathspec '/home/hong/Ocaml/README.md' is in submodule 'Ocaml'\n","exitCode":128,"gitErrorCode":"IsInSubmodule"}
2023-04-02 02:29:53.580 [error] {"message":"Git error","stdout":"","stderr":"fatal: Pathspec '/home/hong/Ocaml/README.md' is in submodule 'Ocaml'\n","exitCode":128,"gitErrorCode":"IsInSubmodule"}
2023-04-02 02:29:53.580 [error] {"message":"Git error","stdout":"","stderr":"fatal: Pathspec '/home/hong/Ocaml/README.md' is in submodule 'Ocaml'\n","exitCode":128,"gitErrorCode":"IsInSubmodule"}
2023-04-02 02:29:53.580 [error] {"message":"Git error","stdout":"","stderr":"fatal: Pathspec '/home/hong/Ocaml/README.md' is in submodule 'Ocaml'\n","exitCode":128,"gitErrorCode":"IsInSubmodule"}
2023-04-02 02:29:53.580 [error] {"message":"Git error","stdout":"","stderr":"fatal: Pathspec '/home/hong/Ocaml/README.md' is in submodule 'Ocaml'\n","exitCode":128,"gitErrorCode":"IsInSubmodule"}
2023-04-02 02:29:53.581 [error] {"message":"Git error","stdout":"","stderr":"fatal: Pathspec '/home/hong/Ocaml/README.md' is in submodule 'Ocaml'\n","exitCode":128,"gitErrorCode":"IsInSubmodule"}
2023-04-02 02:29:53.581 [error] {"message":"Git error","stdout":"","stderr":"fatal: Pathspec '/home/hong/Ocaml/README.md' is in submodule 'Ocaml'\n","exitCode":128,"gitErrorCode":"IsInSubmodule"}
2023-04-02 02:29:53.581 [error] {"message":"Git error","stdout":"","stderr":"fatal: Pathspec '/home/hong/Ocaml/README.md' is in submodule 'Ocaml'\n","exitCode":128,"gitErrorCode":"IsInSubmodule"}
2023-04-02 02:29:53.581 [error] {"message":"Git error","stdout":"","stderr":"fatal: Pathspec '/home/hong/Ocaml/README.md' is in submodule 'Ocaml'\n","exitCode":128,"gitErrorCode":"IsInSubmodule"}
2023-04-02 02:29:53.581 [error] {"message":"Git error","stdout":"","stderr":"fatal: Pathspec '/home/hong/Ocaml/README.md' is in submodule 'Ocaml'\n","exitCode":128,"gitErrorCode":"IsInSubmodule"}
2023-04-02 02:29:53.581 [error] {"message":"Git error","stdout":"","stderr":"fatal: Pathspec '/home/hong/Ocaml/README.md' is in submodule 'Ocaml'\n","exitCode":128,"gitErrorCode":"IsInSubmodule"}
2023-04-02 02:29:53.582 [error] {"message":"Git error","stdout":"","stderr":"fatal: Pathspec '/home/hong/Ocaml/README.md' is in submodule 'Ocaml'\n","exitCode":128,"gitErrorCode":"IsInSubmodule"}
2023-04-02 02:29:53.582 [error] {"message":"Git error","stdout":"","stderr":"fatal: Pathspec '/home/hong/Ocaml/README.md' is in submodule 'Ocaml'\n","exitCode":128,"gitErrorCode":"IsInSubmodule"}
2023-04-02 02:29:53.582 [error] {"message":"Git error","stdout":"","stderr":"fatal: Pathspec '/home/hong/Ocaml/README.md' is in submodule 'Ocaml'\n","exitCode":128,"gitErrorCode":"IsInSubmodule"}
2023-04-02 02:29:53.582 [error] {"message":"Git error","stdout":"","stderr":"fatal: Pathspec '/home/hong/Ocaml/README.md' is in submodule 'Ocaml'\n","exitCode":128,"gitErrorCode":"IsInSubmodule"}
2023-04-02 02:29:53.582 [error] {"message":"Git error","stdout":"","stderr":"fatal: Pathspec '/home/hong/Ocaml/README.md' is in submodule 'Ocaml'\n","exitCode":128,"gitErrorCode":"IsInSubmodule"}
2023-04-02 02:29:53.582 [error] {"message":"Git error","stdout":"","stderr":"fatal: Pathspec '/home/hong/Ocaml/README.md' is in submodule 'Ocaml'\n","exitCode":128,"gitErrorCode":"IsInSubmodule"}
2023-04-02 02:29:53.582 [error] {"message":"Git error","stdout":"","stderr":"fatal: Pathspec '/home/hong/Ocaml/README.md' is in submodule 'Ocaml'\n","exitCode":128,"gitErrorCode":"IsInSubmodule"}
2023-04-02 02:29:53.583 [error] {"message":"Git error","stdout":"","stderr":"fatal: Pathspec '/home/hong/Ocaml/README.md' is in submodule 'Ocaml'\n","exitCode":128,"gitErrorCode":"IsInSubmodule"}
2023-04-02 02:29:53.583 [error] {"message":"Git error","stdout":"","stderr":"fatal: Pathspec '/home/hong/Ocaml/README.md' is in submodule 'Ocaml'\n","exitCode":128,"gitErrorCode":"IsInSubmodule"}
2023-04-02 02:29:53.583 [error] {"message":"Git error","stdout":"","stderr":"fatal: Pathspec '/home/hong/Ocaml/README.md' is in submodule 'Ocaml'\n","exitCode":128,"gitErrorCode":"IsInSubmodule"}
2023-04-02 02:29:53.583 [error] {"message":"Git error","stdout":"","stderr":"fatal: Pathspec '/home/hong/Ocaml/README.md' is in submodule 'Ocaml'\n","exitCode":128,"gitErrorCode":"IsInSubmodule"}
2023-04-02 02:29:53.583 [error] {"message":"Git error","stdout":"","stderr":"fatal: Pathspec '/home/hong/Ocaml/README.md' is in submodule 'Ocaml'\n","exitCode":128,"gitErrorCode":"IsInSubmodule"}
2023-04-02 02:29:53.583 [error] {"message":"Git error","stdout":"","stderr":"fatal: Pathspec '/home/hong/Ocaml/README.md' is in submodule 'Ocaml'\n","exitCode":128,"gitErrorCode":"IsInSubmodule"}
2023-04-02 02:29:53.583 [error] {"message":"Git error","stdout":"","stderr":"fatal: Pathspec '/home/hong/Ocaml/README.md' is in submodule 'Ocaml'\n","exitCode":128,"gitErrorCode":"IsInSubmodule"}
2023-04-02 02:29:53.583 [error] {"message":"Git error","stdout":"","stderr":"fatal: Pathspec '/home/hong/Ocaml/README.md' is in submodule 'Ocaml'\n","exitCode":128,"gitErrorCode":"IsInSubmodule"}
2023-04-02 02:29:53.584 [error] {"message":"Git error","stdout":"","stderr":"fatal: Pathspec '/home/hong/Ocaml/README.md' is in submodule 'Ocaml'\n","exitCode":128,"gitErrorCode":"IsInSubmodule"}
2023-04-02 02:29:53.584 [error] {"message":"Git error","stdout":"","stderr":"fatal: Pathspec '/home/hong/Ocaml/README.md' is in submodule 'Ocaml'\n","exitCode":128,"gitErrorCode":"IsInSubmodule"}
2023-04-02 02:29:53.584 [error] {"message":"Git error","stdout":"","stderr":"fatal: Pathspec '/home/hong/Ocaml/README.md' is in submodule 'Ocaml'\n","exitCode":128,"gitErrorCode":"IsInSubmodule"}
