2023-03-22 21:25:58.943 [info] 로그 수준: Info
2023-03-22 21:25:58.943 [info] "git"에서 찾은 git 유효성을 검사하는 중
2023-03-22 21:25:58.943 [info] "2.34.1"에서 git "git"을(를) 사용하는 중
2023-03-22 21:25:58.943 [info] > git rev-parse --show-toplevel [4ms]
2023-03-22 21:25:58.943 [info] fatal: not a git repository (or any of the parent directories): .git
2023-03-22 21:25:58.943 [info] > git rev-parse --show-toplevel [1ms]
2023-03-22 21:25:58.943 [info] fatal: not a git repository (or any of the parent directories): .git
2023-03-22 21:25:58.943 [info] > git rev-parse --show-toplevel [7ms]
2023-03-22 21:25:58.943 [info] fatal: not a git repository (or any of the parent directories): .git
2023-03-22 21:25:58.943 [info] > git rev-parse --show-toplevel [6ms]
2023-03-22 21:25:58.943 [info] fatal: not a git repository (or any of the parent directories): .git
2023-03-22 21:25:58.943 [info] > git rev-parse --show-toplevel [29ms]
2023-03-22 21:25:58.943 [info] fatal: not a git repository (or any of the parent directories): .git
2023-03-22 21:25:58.944 [info] > git rev-parse --show-toplevel [1ms]
2023-03-22 21:25:58.944 [info] fatal: not a git repository (or any of the parent directories): .git
2023-03-22 21:25:58.949 [info] > git rev-parse --show-toplevel [0ms]
2023-03-22 21:25:58.949 [info] fatal: not a git repository (or any of the parent directories): .git
2023-03-22 21:25:58.952 [info] > git rev-parse --show-toplevel [1ms]
2023-03-22 21:25:58.952 [info] fatal: not a git repository (or any of the parent directories): .git
2023-03-22 21:25:58.962 [info] > git rev-parse --show-toplevel [2ms]
2023-03-22 21:25:58.962 [info] fatal: not a git repository (or any of the parent directories): .git
2023-03-22 21:25:58.967 [info] > git rev-parse --show-toplevel [1ms]
2023-03-22 21:25:58.967 [info] fatal: not a git repository (or any of the parent directories): .git
2023-03-22 21:25:59.299 [info] > git rev-parse --show-toplevel [1ms]
2023-03-22 21:25:59.299 [info] fatal: not a git repository (or any of the parent directories): .git
2023-03-22 21:26:25.013 [info] > git rev-parse --show-toplevel [2ms]
2023-03-22 21:26:25.013 [info] fatal: not a git repository (or any of the parent directories): .git
2023-03-22 21:26:25.649 [info] > git rev-parse --show-toplevel [2ms]
2023-03-22 21:26:25.649 [info] fatal: not a git repository (or any of the parent directories): .git
2023-03-22 21:26:45.890 [info] > git rev-parse --show-toplevel [3ms]
2023-03-22 21:26:45.890 [info] fatal: not a git repository (or any of the parent directories): .git
2023-03-22 21:26:59.340 [info] > git rev-parse --show-toplevel [1ms]
2023-03-22 21:26:59.340 [info] fatal: not a git repository (or any of the parent directories): .git
2023-03-22 21:27:15.008 [info] > git rev-parse --show-toplevel [2ms]
2023-03-22 21:27:15.008 [info] fatal: not a git repository (or any of the parent directories): .git
2023-03-22 21:28:29.372 [info] > git rev-parse --show-toplevel [4ms]
2023-03-22 21:28:29.372 [info] fatal: not a git repository (or any of the parent directories): .git
2023-03-22 21:28:38.568 [info] > git rev-parse --show-toplevel [1ms]
2023-03-22 21:28:38.568 [info] fatal: not a git repository (or any of the parent directories): .git
2023-03-22 21:28:40.074 [info] > git rev-parse --show-toplevel [2ms]
2023-03-22 21:28:40.074 [info] fatal: not a git repository (or any of the parent directories): .git
2023-03-22 21:28:41.275 [info] > git rev-parse --show-toplevel [1ms]
2023-03-22 21:28:41.275 [info] fatal: not a git repository (or any of the parent directories): .git
2023-03-22 21:44:50.856 [info] > git rev-parse --show-toplevel [2ms]
2023-03-22 21:44:50.856 [info] fatal: not a git repository (or any of the parent directories): .git
2023-03-22 21:50:53.776 [info] > git rev-parse --show-toplevel [1ms]
2023-03-22 21:50:53.776 [info] fatal: not a git repository (or any of the parent directories): .git
2023-03-22 21:50:55.215 [info] > git rev-parse --show-toplevel [0ms]
2023-03-22 21:50:55.215 [info] fatal: not a git repository (or any of the parent directories): .git
2023-03-22 21:50:56.799 [info] > git rev-parse --show-toplevel [1ms]
2023-03-22 21:50:56.799 [info] fatal: not a git repository (or any of the parent directories): .git
2023-03-22 21:50:59.139 [info] > git rev-parse --show-toplevel [1ms]
2023-03-22 21:50:59.139 [info] fatal: not a git repository (or any of the parent directories): .git
2023-03-22 21:51:02.182 [info] > git rev-parse --show-toplevel [1ms]
2023-03-22 21:51:02.182 [info] fatal: not a git repository (or any of the parent directories): .git
