external command {
  "bin": "/usr/bin/opam",
  "args": [
    "--version"
  ]
}

external command {
  "bin": "/usr/bin/opam",
  "args": [
    "--version"
  ]
}

external command {
  "bin": "/usr/bin/opam",
  "args": [
    "--version"
  ]
}

external command (finished) {
  "bin": "/usr/bin/opam",
  "args": [
    "--version"
  ],
  "result": {
    "exitCode": 0,
    "stdout": "2.1.4\n",
    "stderr": ""
  }
}

external command {
  "bin": "/usr/bin/opam",
  "args": [
    "var",
    "--global",
    "root"
  ]
}

external command (finished) {
  "bin": "/usr/bin/opam",
  "args": [
    "--version"
  ],
  "result": {
    "exitCode": 0,
    "stdout": "2.1.4\n",
    "stderr": ""
  }
}

external command {
  "bin": "/usr/bin/opam",
  "args": [
    "var",
    "--global",
    "root"
  ]
}

external command (finished) {
  "bin": "/usr/bin/opam",
  "args": [
    "--version"
  ],
  "result": {
    "exitCode": 0,
    "stdout": "2.1.4\n",
    "stderr": ""
  }
}

external command {
  "bin": "/usr/bin/opam",
  "args": [
    "var",
    "--global",
    "root"
  ]
}

external command (finished) {
  "bin": "/usr/bin/opam",
  "args": [
    "var",
    "--global",
    "root"
  ],
  "result": {
    "exitCode": 0,
    "stdout": "/home/hong/.opam\n",
    "stderr": ""
  }
}

external command (finished) {
  "bin": "/usr/bin/opam",
  "args": [
    "var",
    "--global",
    "root"
  ],
  "result": {
    "exitCode": 0,
    "stdout": "/home/hong/.opam\n",
    "stderr": ""
  }
}

external command {
  "bin": "/usr/bin/opam",
  "args": [
    "switch",
    "show",
    "--root",
    "/home/hong/.opam"
  ]
}

external command (finished) {
  "bin": "/usr/bin/opam",
  "args": [
    "var",
    "--global",
    "root"
  ],
  "result": {
    "exitCode": 0,
    "stdout": "/home/hong/.opam\n",
    "stderr": ""
  }
}

external command (finished) {
  "bin": "/usr/bin/opam",
  "args": [
    "switch",
    "show",
    "--root",
    "/home/hong/.opam"
  ],
  "result": {
    "exitCode": 0,
    "stdout": "default\n",
    "stderr": ""
  }
}

external command {
  "bin": "/usr/bin/opam",
  "args": [
    "switch",
    "show",
    "--root",
    "/home/hong/.opam"
  ]
}

external command (finished) {
  "bin": "/usr/bin/opam",
  "args": [
    "switch",
    "show",
    "--root",
    "/home/hong/.opam"
  ],
  "result": {
    "exitCode": 0,
    "stdout": "default\n",
    "stderr": ""
  }
}

external command {
  "bin": "/usr/bin/opam",
  "args": [
    "exec",
    "--switch=default",
    "--set-switch",
    "--root",
    "/home/hong/.opam",
    "--",
    "ocamlc",
    "--version"
  ]
}

external command (finished) {
  "bin": "/usr/bin/opam",
  "args": [
    "exec",
    "--switch=default",
    "--set-switch",
    "--root",
    "/home/hong/.opam",
    "--",
    "ocamlc",
    "--version"
  ],
  "result": {
    "exitCode": 0,
    "stdout": "4.13.1\n",
    "stderr": ""
  }
}

external command {
  "bin": "/usr/bin/opam",
  "args": [
    "exec",
    "--switch=default",
    "--set-switch",
    "--root",
    "/home/hong/.opam",
    "--",
    "ocamllsp",
    "--version"
  ]
}

external command (finished) {
  "bin": "/usr/bin/opam",
  "args": [
    "exec",
    "--switch=default",
    "--set-switch",
    "--root",
    "/home/hong/.opam",
    "--",
    "ocamllsp",
    "--version"
  ],
  "result": {
    "exitCode": 127,
    "stdout": "",
    "stderr": "[ERROR] Command not found 'ocamllsp'\n"
  }
}

external command {
  "bin": "/usr/bin/opam",
  "args": [
    "exec",
    "--switch=default",
    "--set-switch",
    "--root",
    "/home/hong/.opam",
    "--",
    "utop",
    "-version"
  ]
}

external command (finished) {
  "bin": "/usr/bin/opam",
  "args": [
    "exec",
    "--switch=default",
    "--set-switch",
    "--root",
    "/home/hong/.opam",
    "--",
    "utop",
    "-version"
  ],
  "result": {
    "exitCode": 127,
    "stdout": "",
    "stderr": "[ERROR] Command not found 'utop'\n"
  }
}

external command {
  "bin": "/usr/bin/opam",
  "args": [
    "exec",
    "--switch=default",
    "--set-switch",
    "--root",
    "/home/hong/.opam",
    "--",
    "ocaml"
  ]
}

external command {
  "bin": "/usr/bin/opam",
  "args": [
    "switch",
    "list",
    "-s",
    "--root",
    "/home/hong/.opam"
  ]
}

external command (finished) {
  "bin": "/usr/bin/opam",
  "args": [
    "switch",
    "list",
    "-s",
    "--root",
    "/home/hong/.opam"
  ],
  "result": {
    "exitCode": 0,
    "stdout": "default\n",
    "stderr": ""
  }
}

external command {
  "bin": "/usr/bin/opam",
  "args": [
    "update",
    "--switch=default",
    "--root",
    "/home/hong/.opam"
  ]
}

external command (finished) {
  "bin": "/usr/bin/opam",
  "args": [
    "update",
    "--switch=default",
    "--root",
    "/home/hong/.opam"
  ],
  "result": {
    "exitCode": 0,
    "stdout": "\n<><> Updating package repositories ><><><><><><><><><><><><><><><><><><><><><><>\n[default] synchronised from https://opam.ocaml.org\nNow run 'opam upgrade' to apply any package updates.\n",
    "stderr": ""
  }
}

external command {
  "bin": "/usr/bin/opam",
  "args": [
    "install",
    "--switch=default",
    "-y",
    "ocaml-platform",
    "--root",
    "/home/hong/.opam"
  ]
}

external command (finished) {
  "bin": "/usr/bin/opam",
  "args": [
    "install",
    "--switch=default",
    "-y",
    "ocaml-platform",
    "--root",
    "/home/hong/.opam"
  ],
  "result": {
    "exitCode": 5,
    "stdout": "",
    "stderr": "[ERROR] No package named ocaml-platform found.\n"
  }
}

external command {
  "bin": "/usr/bin/opam",
  "args": [
    "switch",
    "list",
    "-s",
    "--root",
    "/home/hong/.opam"
  ]
}

external command (finished) {
  "bin": "/usr/bin/opam",
  "args": [
    "switch",
    "list",
    "-s",
    "--root",
    "/home/hong/.opam"
  ],
  "result": {
    "exitCode": 0,
    "stdout": "default\n",
    "stderr": ""
  }
}

external command {
  "bin": "/usr/bin/opam",
  "args": [
    "update",
    "--switch=default",
    "--root",
    "/home/hong/.opam"
  ]
}

external command (finished) {
  "bin": "/usr/bin/opam",
  "args": [
    "update",
    "--switch=default",
    "--root",
    "/home/hong/.opam"
  ],
  "result": {
    "exitCode": 0,
    "stdout": "\n<><> Updating package repositories ><><><><><><><><><><><><><><><><><><><><><><>\n[default] no changes from https://opam.ocaml.org\n",
    "stderr": ""
  }
}

external command {
  "bin": "/usr/bin/opam",
  "args": [
    "install",
    "--switch=default",
    "-y",
    "ocaml-lsp",
    "--root",
    "/home/hong/.opam"
  ]
}

external command (finished) {
  "bin": "/usr/bin/opam",
  "args": [
    "install",
    "--switch=default",
    "-y",
    "ocaml-lsp",
    "--root",
    "/home/hong/.opam"
  ],
  "result": {
    "exitCode": 5,
    "stdout": "",
    "stderr": "[ERROR] No package named ocaml-lsp found.\n"
  }
}

external command {
  "bin": "/usr/bin/opam",
  "args": [
    "switch",
    "list",
    "-s",
    "--root",
    "/home/hong/.opam"
  ]
}

external command (finished) {
  "bin": "/usr/bin/opam",
  "args": [
    "switch",
    "list",
    "-s",
    "--root",
    "/home/hong/.opam"
  ],
  "result": {
    "exitCode": 0,
    "stdout": "default\n",
    "stderr": ""
  }
}

external command {
  "bin": "/usr/bin/opam",
  "args": [
    "update",
    "--switch=default",
    "--root",
    "/home/hong/.opam"
  ]
}

external command (finished) {
  "bin": "/usr/bin/opam",
  "args": [
    "update",
    "--switch=default",
    "--root",
    "/home/hong/.opam"
  ],
  "result": {
    "exitCode": 0,
    "stdout": "\n<><> Updating package repositories ><><><><><><><><><><><><><><><><><><><><><><>\n[platform-cache] no changes from file:///home/hong/.opam/plugins/ocaml-platform/cache/repo\n[default] no changes from https://opam.ocaml.org\n\n<><> Synchronising development packages <><><><><><><><><><><><><><><><><><><><>\n[dune-release.1.6.2+platform] synchronised (file:///home/hong/.opam/plugins/ocaml-platform/cache/archives/dune-release.1.6.2+platform.tar.gz)\n[merlin.4.7-413-ocaml4.13.1+platform] synchronised (file:///home/hong/.opam/plugins/ocaml-platform/cache/archives/merlin.4.7-413-ocaml4.13.1+platform.tar.gz)\n[ocaml-lsp-server.1.10.5-ocaml4.13.1+platform] synchronised (file:///home/hong/.opam/plugins/ocaml-platform/cache/archives/ocaml-lsp-server.1.10.5-ocaml4.13.1+platform.tar.gz)\n[odoc.2.2.0-ocaml4.13.1+platform] synchronised (file:///home/hong/.opam/plugins/ocaml-platform/cache/archives/odoc.2.2.0-ocaml4.13.1+platform.tar.gz)\n[ocamlformat.0.25.1+platform] synchronised (file:///home/hong/.opam/plugins/ocaml-platform/cache/archives/ocamlformat.0.25.1+platform.tar.gz)\n",
    "stderr": ""
  }
}

external command {
  "bin": "/usr/bin/opam",
  "args": [
    "install",
    "--switch=default",
    "-y",
    "ocaml-lsp",
    "--root",
    "/home/hong/.opam"
  ]
}

external command (finished) {
  "bin": "/usr/bin/opam",
  "args": [
    "install",
    "--switch=default",
    "-y",
    "ocaml-lsp",
    "--root",
    "/home/hong/.opam"
  ],
  "result": {
    "exitCode": 5,
    "stdout": "",
    "stderr": "[ERROR] No package named ocaml-lsp found.\n"
  }
}

external command {
  "bin": "/usr/bin/opam",
  "args": [
    "switch",
    "list",
    "-s",
    "--root",
    "/home/hong/.opam"
  ]
}

external command (finished) {
  "bin": "/usr/bin/opam",
  "args": [
    "switch",
    "list",
    "-s",
    "--root",
    "/home/hong/.opam"
  ],
  "result": {
    "exitCode": 0,
    "stdout": "default\n",
    "stderr": ""
  }
}

